2008-12-24 16:18:25 Warning: Warning (512): <span style = "color:Red;text-align:left"><b>SQL Error:</b> 1054: Unknown column 'Card.author' in 'on clause'</span> in [CORE/cake/libs/model/datasources/dbo_source.php, line 514]
2008-12-24 16:18:25 Warning: Warning (2): Invalid argument supplied for foreach() in [APP/views/cards/index.ctp, line 24]
2008-12-24 16:19:33 Warning: Warning (512): <span style = "color:Red;text-align:left"><b>SQL Error:</b> 1054: Unknown column 'Card.author' in 'on clause'</span> in [CORE/cake/libs/model/datasources/dbo_source.php, line 514]
2008-12-24 16:19:33 Warning: Warning (2): Invalid argument supplied for foreach() in [APP/views/cards/index.ctp, line 24]
2008-12-24 16:19:37 Warning: Warning (512): <span style = "color:Red;text-align:left"><b>SQL Error:</b> 1054: Unknown column 'Card.author' in 'on clause'</span> in [CORE/cake/libs/model/datasources/dbo_source.php, line 514]
2008-12-24 16:19:37 Warning: Warning (2): Invalid argument supplied for foreach() in [APP/views/cards/index.ctp, line 24]
2008-12-24 16:19:40 Warning: Warning (512): <span style = "color:Red;text-align:left"><b>SQL Error:</b> 1054: Unknown column 'Card.author' in 'on clause'</span> in [CORE/cake/libs/model/datasources/dbo_source.php, line 514]
2008-12-24 16:19:40 Warning: Warning (2): Invalid argument supplied for foreach() in [APP/views/cards/index.ctp, line 24]
2008-12-24 17:01:47 Warning: Warning (2): Wrong parameter count for dirname() in [APP/config/core.php, line 173]
2008-12-24 17:01:47 Warning: Warning (2): Cannot modify header information - headers already sent by (output started at /home/fireyang/cake/cake/basics.php:111) in [CORE/cake/libs/controller/controller.php, line 615]
2008-12-24 17:03:56 Warning: Warning (2): Wrong parameter count for dirname() in [APP/config/core.php, line 173]
2008-12-24 17:03:57 Warning: Warning (2): Cannot modify header information - headers already sent by (output started at /home/fireyang/cake/cake/basics.php:111) in [CORE/cake/libs/controller/controller.php, line 615]
2008-12-25 19:23:05 Warning: Warning (2): move_uploaded_file(/home/fireyang/cake/app/webroot/img/uploadaaa.png) [<a href='http://php.net/function.move-uploaded-file'>function.move-uploaded-file</a>]: failed to open stream: Permission denied in [APP/controllers/cards_controller.php, line 30]
2008-12-25 19:23:05 Warning: Warning (2): move_uploaded_file() [<a href='http://php.net/function.move-uploaded-file'>function.move-uploaded-file</a>]: Unable to move '/tmp/phpECV01a' to '/home/fireyang/cake/app/webroot/img/uploadaaa.png' in [APP/controllers/cards_controller.php, line 30]
2008-12-25 19:24:40 Warning: Warning (2): move_uploaded_file(/home/fireyang/cake/app/webroot/img/upload/aaa.png) [<a href='http://php.net/function.move-uploaded-file'>function.move-uploaded-file</a>]: failed to open stream: Permission denied in [APP/controllers/cards_controller.php, line 30]
2008-12-25 19:24:40 Warning: Warning (2): move_uploaded_file() [<a href='http://php.net/function.move-uploaded-file'>function.move-uploaded-file</a>]: Unable to move '/tmp/phpgfw2DA' to '/home/fireyang/cake/app/webroot/img/upload/aaa.png' in [APP/controllers/cards_controller.php, line 30]
2008-12-25 19:29:39 Warning: Warning (2): move_uploaded_file(/home/fireyang/cake/app/webroot/img/upload/aaa.png) [<a href='http://php.net/function.move-uploaded-file'>function.move-uploaded-file</a>]: failed to open stream: Permission denied in [APP/controllers/cards_controller.php, line 31]
2008-12-25 19:29:39 Warning: Warning (2): move_uploaded_file() [<a href='http://php.net/function.move-uploaded-file'>function.move-uploaded-file</a>]: Unable to move '/tmp/phpzB6ZSk' to '/home/fireyang/cake/app/webroot/img/upload/aaa.png' in [APP/controllers/cards_controller.php, line 31]
2008-12-26 14:34:18 Warning: Warning (512): <span style = "color:Red;text-align:left"><b>SQL Error:</b> 1048: Column 'author' cannot be null</span> in [CORE/cake/libs/model/datasources/dbo_source.php, line 514]
2008-12-26 14:59:02 Warning: Warning (512): <span style = "color:Red;text-align:left"><b>SQL Error:</b> 1048: Column 'author' cannot be null</span> in [CORE/cake/libs/model/datasources/dbo_source.php, line 514]
2008-12-26 16:12:44 Warning: Warning (2): Cannot modify header information - headers already sent by (output started at /home/fireyang/cake/cake/basics.php:108) in [CORE/cake/libs/controller/controller.php, line 615]
2008-12-26 16:13:57 Warning: Warning (512): <span style = "color:Red;text-align:left"><b>SQL Error:</b> 1062: Duplicate entry 'sdf' for key 2</span> in [CORE/cake/libs/model/datasources/dbo_source.php, line 514]
2008-12-26 16:15:29 Warning: Warning (512): <span style = "color:Red;text-align:left"><b>SQL Error:</b> 1062: Duplicate entry 'sdf' for key 2</span> in [CORE/cake/libs/model/datasources/dbo_source.php, line 514]
2008-12-26 16:38:28 Warning: Warning (512): <span style = "color:Red;text-align:left"><b>SQL Error:</b> 1062: Duplicate entry 'fdfdfdfdf' for key 2</span> in [CORE/cake/libs/model/datasources/dbo_source.php, line 514]
2008-12-26 16:40:22 Warning: Warning (512): <span style = "color:Red;text-align:left"><b>SQL Error:</b> 1062: Duplicate entry 'fdfdf' for key 2</span> in [CORE/cake/libs/model/datasources/dbo_source.php, line 514]
2008-12-26 16:40:37 Warning: Warning (512): <span style = "color:Red;text-align:left"><b>SQL Error:</b> 1062: Duplicate entry 'fdfdf' for key 2</span> in [CORE/cake/libs/model/datasources/dbo_source.php, line 514]
2008-12-26 16:51:09 Warning: Warning (512): <span style = "color:Red;text-align:left"><b>SQL Error:</b> 1062: Duplicate entry 'fdfdf3' for key 2</span> in [CORE/cake/libs/model/datasources/dbo_source.php, line 514]
2008-12-26 16:51:28 Warning: Warning (2): unlink(/home/fireyang/cake/app/webroot/img/upload/null.png) [<a href='http://php.net/function.unlink'>function.unlink</a>]: No such file or directory in [APP/controllers/cards_controller.php, line 90]
2008-12-26 16:51:28 Warning: Warning (2): Cannot modify header information - headers already sent by (output started at /home/fireyang/cake/cake/basics.php:111) in [CORE/cake/libs/controller/controller.php, line 615]
2008-12-26 16:54:02 Warning: Warning (512): <span style = "color:Red;text-align:left"><b>SQL Error:</b> 1062: Duplicate entry 'sdf' for key 2</span> in [CORE/cake/libs/model/datasources/dbo_source.php, line 514]
2008-12-26 16:56:02 Warning: Warning (2): Cannot modify header information - headers already sent by (output started at /home/fireyang/cake/cake/basics.php:111) in [CORE/cake/libs/controller/controller.php, line 615]
2008-12-26 16:56:16 Warning: Warning (512): <span style = "color:Red;text-align:left"><b>SQL Error:</b> 1062: Duplicate entry 'vvv' for key 2</span> in [CORE/cake/libs/model/datasources/dbo_source.php, line 514]
2008-12-29 16:52:25 Warning: Warning (2): unlink(/home/fireyang/cake/app/tmp/cache/persistent/cake_core_dir_map) [<a href='http://php.net/function.unlink'>function.unlink</a>]: No such file or directory in [CORE/cake/libs/file.php, line 292]
2008-12-29 22:37:48 Warning: Warning (4096): Object of class TasksController could not be converted to string in [APP/app_controller.php, line 11]
2008-12-29 22:38:45 Warning: Warning (4096): Object of class TasksController could not be converted to string in [APP/app_controller.php, line 11]
2008-12-29 22:39:27 Warning: Warning (4096): Object of class TasksController could not be converted to string in [APP/app_controller.php, line 11]
2008-12-31 08:51:35 Warning: Warning (2): unlink(/home/fireyang/cake/app/tmp/cache/models/cake_model_default_card_list) [<a href='http://php.net/function.unlink'>function.unlink</a>]: No such file or directory in [CORE/cake/libs/file.php, line 292]
2008-12-31 08:51:35 Warning: Warning (2): Cannot modify header information - headers already sent by (output started at /home/fireyang/cake/cake/basics.php:111) in [CORE/cake/libs/controller/controller.php, line 615]
2008-12-31 10:37:45 Warning: Warning (2): Invalid argument supplied for foreach() in [APP/views/helpers/task.php, line 17]
2009-01-02 22:16:37 Warning: Warning (2): unlink(/home/fireyang/cake/app/tmp/cache/persistent/cake_core_file_map) [<a href='http://php.net/function.unlink'>function.unlink</a>]: No such file or directory in [CORE/cake/libs/file.php, line 292]
2009-01-02 22:16:40 Warning: Warning (2): unlink(/home/fireyang/cake/app/tmp/cache/persistent/cake_core_object_map) [<a href='http://php.net/function.unlink'>function.unlink</a>]: No such file or directory in [CORE/cake/libs/file.php, line 292]
2009-01-02 22:16:41 Warning: Warning (2): unlink(/home/fireyang/cake/app/tmp/cache/models/cake_model_default_cp_locations) [<a href='http://php.net/function.unlink'>function.unlink</a>]: No such file or directory in [CORE/cake/libs/file.php, line 292]
2009-01-04 08:40:02 Warning: Warning (2): unlink(/home/fireyang/cake/app/tmp/cache/models/cake_model_default_card_list) [<a href='http://php.net/function.unlink'>function.unlink</a>]: No such file or directory in [CORE/cake/libs/file.php, line 292]
